<?xml version="1.0" encoding="UTF-8"?>
<!-- Generated by org.testng.reporters.JUnitReportReporter -->
<testsuite skipped="1" hostname="NOT-TIS-CON06" name="com.alphasense.Testautomation.tests.Test_PageMyAccountSearchClothes" tests="2" failures="0" timestamp="29 set 2019 21:51:49 GMT" time="53.411" errors="1">
  <testcase name="TestMethod" time="0.000" classname="com.alphasense.Testautomation.tests.Test_PageMyAccountSearchClothes">
    <skipped/>
  </testcase> <!-- TestMethod -->
  <testcase name="beforeMethod" time="53.411" classname="com.alphasense.Testautomation.tests.Test_PageMyAccountSearchClothes">
    <error type="java.io.FileNotFoundException" message="C:\Users\carlos.almeida\Documents\GitHub\Testautomation\.\src\main\report\Test_PageMyAccountSearchClothes\Test_PageMyAccountSearchClothes_alpha-sense_TestReportEvidence.pdf (A operação pedida não pode ser executada num ficheiro com uma secção aberta mapeada pelo utilizador)">
      <![CDATA[java.io.FileNotFoundException: C:\Users\carlos.almeida\Documents\GitHub\Testautomation\.\src\main\report\Test_PageMyAccountSearchClothes\Test_PageMyAccountSearchClothes_alpha-sense_TestReportEvidence.pdf (A operação pedida não pode ser executada num ficheiro com uma secção aberta mapeada pelo utilizador)
at java.io.FileOutputStream.open0(Native Method)
at java.io.FileOutputStream.open(Unknown Source)
at java.io.FileOutputStream.<init>(Unknown Source)
at java.io.FileOutputStream.<init>(Unknown Source)
at com.alphasense.Testautomation.utility.PDFGenerator.startPDF(PDFGenerator.java:58)
at com.alphasense.Testautomation.tests.Test_PageMyAccountSearchClothes.beforeMethod(Test_PageMyAccountSearchClothes.java:50)
at sun.reflect.NativeMethodAccessorImpl.invoke0(Native Method)
at sun.reflect.NativeMethodAccessorImpl.invoke(Unknown Source)
at sun.reflect.DelegatingMethodAccessorImpl.invoke(Unknown Source)
at java.lang.reflect.Method.invoke(Unknown Source)
at org.testng.internal.MethodInvocationHelper.invokeMethod(MethodInvocationHelper.java:124)
at org.testng.internal.MethodInvocationHelper.invokeMethodConsideringTimeout(MethodInvocationHelper.java:59)
at org.testng.internal.Invoker.invokeConfigurationMethod(Invoker.java:458)
at org.testng.internal.Invoker.invokeConfigurations(Invoker.java:222)
at org.testng.internal.Invoker.invokeMethod(Invoker.java:523)
at org.testng.internal.Invoker.invokeTestMethod(Invoker.java:719)
at org.testng.internal.Invoker.invokeTestMethods(Invoker.java:989)
at org.testng.internal.TestMethodWorker.invokeTestMethods(TestMethodWorker.java:125)
at org.testng.internal.TestMethodWorker.run(TestMethodWorker.java:109)
at org.testng.TestRunner.privateRun(TestRunner.java:648)
at org.testng.TestRunner.run(TestRunner.java:505)
at org.testng.SuiteRunner.runTest(SuiteRunner.java:455)
at org.testng.SuiteRunner.runSequentially(SuiteRunner.java:450)
at org.testng.SuiteRunner.privateRun(SuiteRunner.java:415)
at org.testng.SuiteRunner.run(SuiteRunner.java:364)
at org.testng.SuiteRunnerWorker.runSuite(SuiteRunnerWorker.java:52)
at org.testng.SuiteRunnerWorker.run(SuiteRunnerWorker.java:84)
at org.testng.TestNG.runSuitesSequentially(TestNG.java:1208)
at org.testng.TestNG.runSuitesLocally(TestNG.java:1137)
at org.testng.TestNG.runSuites(TestNG.java:1049)
at org.testng.TestNG.run(TestNG.java:1017)
at org.testng.remote.AbstractRemoteTestNG.run(AbstractRemoteTestNG.java:115)
at org.testng.remote.RemoteTestNG.initAndRun(RemoteTestNG.java:251)
at org.testng.remote.RemoteTestNG.main(RemoteTestNG.java:77)
]]>
    </error>
  </testcase> <!-- beforeMethod -->
</testsuite> <!-- com.alphasense.Testautomation.tests.Test_PageMyAccountSearchClothes -->
